[2022-03-15 18:11:23,329] {taskinstance.py:1032} INFO - Dependencies all met for <TaskInstance: imdb_name_basics.remove_uploaded_file manual__2022-03-15T18:07:59.387556+00:00 [queued]>
[2022-03-15 18:11:23,381] {taskinstance.py:1032} INFO - Dependencies all met for <TaskInstance: imdb_name_basics.remove_uploaded_file manual__2022-03-15T18:07:59.387556+00:00 [queued]>
[2022-03-15 18:11:23,383] {taskinstance.py:1238} INFO - 
--------------------------------------------------------------------------------
[2022-03-15 18:11:23,385] {taskinstance.py:1239} INFO - Starting attempt 1 of 2
[2022-03-15 18:11:23,386] {taskinstance.py:1240} INFO - 
--------------------------------------------------------------------------------
[2022-03-15 18:11:23,445] {taskinstance.py:1259} INFO - Executing <Task(BashOperator): remove_uploaded_file> on 2022-03-15 18:07:59.387556+00:00
[2022-03-15 18:11:23,457] {standard_task_runner.py:52} INFO - Started process 733 to run task
[2022-03-15 18:11:23,467] {standard_task_runner.py:76} INFO - Running: ['***', 'tasks', 'run', 'imdb_name_basics', 'remove_uploaded_file', 'manual__2022-03-15T18:07:59.387556+00:00', '--job-id', '377', '--raw', '--subdir', 'DAGS_FOLDER/name_basics_dag.py', '--cfg-path', '/tmp/tmpxmsisjwk', '--error-file', '/tmp/tmpldasgjcd']
[2022-03-15 18:11:23,471] {standard_task_runner.py:77} INFO - Job 377: Subtask remove_uploaded_file
[2022-03-15 18:11:23,626] {logging_mixin.py:109} INFO - Running <TaskInstance: imdb_name_basics.remove_uploaded_file manual__2022-03-15T18:07:59.387556+00:00 [running]> on host 3e277871b08e
[2022-03-15 18:11:23,948] {taskinstance.py:1426} INFO - Exporting the following env vars:
AIRFLOW_CTX_DAG_OWNER=***
AIRFLOW_CTX_DAG_ID=imdb_name_basics
AIRFLOW_CTX_TASK_ID=remove_uploaded_file
AIRFLOW_CTX_EXECUTION_DATE=2022-03-15T18:07:59.387556+00:00
AIRFLOW_CTX_DAG_RUN_ID=manual__2022-03-15T18:07:59.387556+00:00
[2022-03-15 18:11:23,963] {subprocess.py:62} INFO - Tmp dir root location: 
 /tmp
[2022-03-15 18:11:23,968] {subprocess.py:74} INFO - Running command: ['bash', '-c', 'rm /opt/***/name.basics.tsv /opt/***/name.basics.parquet']
[2022-03-15 18:11:24,007] {subprocess.py:85} INFO - Output:
[2022-03-15 18:11:24,352] {subprocess.py:93} INFO - Command exited with return code 0
[2022-03-15 18:11:24,435] {taskinstance.py:1277} INFO - Marking task as SUCCESS. dag_id=imdb_name_basics, task_id=remove_uploaded_file, execution_date=20220315T180759, start_date=20220315T181123, end_date=20220315T181124
[2022-03-15 18:11:24,525] {local_task_job.py:154} INFO - Task exited with return code 0
[2022-03-15 18:11:24,624] {local_task_job.py:264} INFO - 0 downstream tasks scheduled from follow-on schedule check
