[2022-03-15 18:08:04,519] {taskinstance.py:1032} INFO - Dependencies all met for <TaskInstance: imdb_name_basics.download_file_task manual__2022-03-15T18:07:59.387556+00:00 [queued]>
[2022-03-15 18:08:04,560] {taskinstance.py:1032} INFO - Dependencies all met for <TaskInstance: imdb_name_basics.download_file_task manual__2022-03-15T18:07:59.387556+00:00 [queued]>
[2022-03-15 18:08:04,562] {taskinstance.py:1238} INFO - 
--------------------------------------------------------------------------------
[2022-03-15 18:08:04,563] {taskinstance.py:1239} INFO - Starting attempt 1 of 2
[2022-03-15 18:08:04,565] {taskinstance.py:1240} INFO - 
--------------------------------------------------------------------------------
[2022-03-15 18:08:04,611] {taskinstance.py:1259} INFO - Executing <Task(BashOperator): download_file_task> on 2022-03-15 18:07:59.387556+00:00
[2022-03-15 18:08:04,628] {standard_task_runner.py:52} INFO - Started process 523 to run task
[2022-03-15 18:08:04,644] {standard_task_runner.py:76} INFO - Running: ['***', 'tasks', 'run', 'imdb_name_basics', 'download_file_task', 'manual__2022-03-15T18:07:59.387556+00:00', '--job-id', '373', '--raw', '--subdir', 'DAGS_FOLDER/name_basics_dag.py', '--cfg-path', '/tmp/tmp793jis98', '--error-file', '/tmp/tmpy6pqfyrw']
[2022-03-15 18:08:04,664] {standard_task_runner.py:77} INFO - Job 373: Subtask download_file_task
[2022-03-15 18:08:04,856] {logging_mixin.py:109} INFO - Running <TaskInstance: imdb_name_basics.download_file_task manual__2022-03-15T18:07:59.387556+00:00 [running]> on host 3e277871b08e
[2022-03-15 18:08:05,034] {taskinstance.py:1426} INFO - Exporting the following env vars:
AIRFLOW_CTX_DAG_OWNER=***
AIRFLOW_CTX_DAG_ID=imdb_name_basics
AIRFLOW_CTX_TASK_ID=download_file_task
AIRFLOW_CTX_EXECUTION_DATE=2022-03-15T18:07:59.387556+00:00
AIRFLOW_CTX_DAG_RUN_ID=manual__2022-03-15T18:07:59.387556+00:00
[2022-03-15 18:08:05,040] {subprocess.py:62} INFO - Tmp dir root location: 
 /tmp
[2022-03-15 18:08:05,044] {subprocess.py:74} INFO - Running command: ['bash', '-c', 'curl -sS https://datasets.imdbws.com/name.basics.tsv.gz > /opt/***/name.basics.tsv.gz']
[2022-03-15 18:08:05,075] {subprocess.py:85} INFO - Output:
[2022-03-15 18:08:26,441] {subprocess.py:93} INFO - Command exited with return code 0
[2022-03-15 18:08:26,541] {taskinstance.py:1277} INFO - Marking task as SUCCESS. dag_id=imdb_name_basics, task_id=download_file_task, execution_date=20220315T180759, start_date=20220315T180804, end_date=20220315T180826
[2022-03-15 18:08:26,623] {local_task_job.py:154} INFO - Task exited with return code 0
[2022-03-15 18:08:26,763] {local_task_job.py:264} INFO - 1 downstream tasks scheduled from follow-on schedule check
