[2022-03-15 18:08:55,103] {taskinstance.py:1032} INFO - Dependencies all met for <TaskInstance: imdb_name_basics.format_to_parquet_task manual__2022-03-15T18:07:59.387556+00:00 [queued]>
[2022-03-15 18:08:55,160] {taskinstance.py:1032} INFO - Dependencies all met for <TaskInstance: imdb_name_basics.format_to_parquet_task manual__2022-03-15T18:07:59.387556+00:00 [queued]>
[2022-03-15 18:08:55,162] {taskinstance.py:1238} INFO - 
--------------------------------------------------------------------------------
[2022-03-15 18:08:55,163] {taskinstance.py:1239} INFO - Starting attempt 1 of 2
[2022-03-15 18:08:55,165] {taskinstance.py:1240} INFO - 
--------------------------------------------------------------------------------
[2022-03-15 18:08:55,223] {taskinstance.py:1259} INFO - Executing <Task(PythonOperator): format_to_parquet_task> on 2022-03-15 18:07:59.387556+00:00
[2022-03-15 18:08:55,241] {standard_task_runner.py:52} INFO - Started process 590 to run task
[2022-03-15 18:08:55,258] {standard_task_runner.py:76} INFO - Running: ['***', 'tasks', 'run', 'imdb_name_basics', 'format_to_parquet_task', 'manual__2022-03-15T18:07:59.387556+00:00', '--job-id', '375', '--raw', '--subdir', 'DAGS_FOLDER/name_basics_dag.py', '--cfg-path', '/tmp/tmp5gh44s6q', '--error-file', '/tmp/tmpia4ycafh']
[2022-03-15 18:08:55,263] {standard_task_runner.py:77} INFO - Job 375: Subtask format_to_parquet_task
[2022-03-15 18:08:55,480] {logging_mixin.py:109} INFO - Running <TaskInstance: imdb_name_basics.format_to_parquet_task manual__2022-03-15T18:07:59.387556+00:00 [running]> on host 3e277871b08e
[2022-03-15 18:08:55,840] {taskinstance.py:1426} INFO - Exporting the following env vars:
AIRFLOW_CTX_DAG_OWNER=***
AIRFLOW_CTX_DAG_ID=imdb_name_basics
AIRFLOW_CTX_TASK_ID=format_to_parquet_task
AIRFLOW_CTX_EXECUTION_DATE=2022-03-15T18:07:59.387556+00:00
AIRFLOW_CTX_DAG_RUN_ID=manual__2022-03-15T18:07:59.387556+00:00
[2022-03-15 18:09:40,205] {python.py:175} INFO - Done. Returned value was: None
[2022-03-15 18:09:40,352] {taskinstance.py:1277} INFO - Marking task as SUCCESS. dag_id=imdb_name_basics, task_id=format_to_parquet_task, execution_date=20220315T180759, start_date=20220315T180855, end_date=20220315T180940
[2022-03-15 18:09:42,359] {local_task_job.py:154} INFO - Task exited with return code 0
[2022-03-15 18:09:42,689] {local_task_job.py:264} INFO - 0 downstream tasks scheduled from follow-on schedule check
