[2022-03-15 18:08:30,396] {taskinstance.py:1032} INFO - Dependencies all met for <TaskInstance: imdb_name_basics.unpacking_archive_data manual__2022-03-15T18:07:59.387556+00:00 [queued]>
[2022-03-15 18:08:30,438] {taskinstance.py:1032} INFO - Dependencies all met for <TaskInstance: imdb_name_basics.unpacking_archive_data manual__2022-03-15T18:07:59.387556+00:00 [queued]>
[2022-03-15 18:08:30,441] {taskinstance.py:1238} INFO - 
--------------------------------------------------------------------------------
[2022-03-15 18:08:30,442] {taskinstance.py:1239} INFO - Starting attempt 1 of 2
[2022-03-15 18:08:30,444] {taskinstance.py:1240} INFO - 
--------------------------------------------------------------------------------
[2022-03-15 18:08:30,495] {taskinstance.py:1259} INFO - Executing <Task(BashOperator): unpacking_archive_data> on 2022-03-15 18:07:59.387556+00:00
[2022-03-15 18:08:30,520] {standard_task_runner.py:52} INFO - Started process 553 to run task
[2022-03-15 18:08:30,539] {standard_task_runner.py:76} INFO - Running: ['***', 'tasks', 'run', 'imdb_name_basics', 'unpacking_archive_data', 'manual__2022-03-15T18:07:59.387556+00:00', '--job-id', '374', '--raw', '--subdir', 'DAGS_FOLDER/name_basics_dag.py', '--cfg-path', '/tmp/tmpmrc6scfs', '--error-file', '/tmp/tmp9az2rq1r']
[2022-03-15 18:08:30,543] {standard_task_runner.py:77} INFO - Job 374: Subtask unpacking_archive_data
[2022-03-15 18:08:30,732] {logging_mixin.py:109} INFO - Running <TaskInstance: imdb_name_basics.unpacking_archive_data manual__2022-03-15T18:07:59.387556+00:00 [running]> on host 3e277871b08e
[2022-03-15 18:08:30,990] {taskinstance.py:1426} INFO - Exporting the following env vars:
AIRFLOW_CTX_DAG_OWNER=***
AIRFLOW_CTX_DAG_ID=imdb_name_basics
AIRFLOW_CTX_TASK_ID=unpacking_archive_data
AIRFLOW_CTX_EXECUTION_DATE=2022-03-15T18:07:59.387556+00:00
AIRFLOW_CTX_DAG_RUN_ID=manual__2022-03-15T18:07:59.387556+00:00
[2022-03-15 18:08:30,997] {subprocess.py:62} INFO - Tmp dir root location: 
 /tmp
[2022-03-15 18:08:31,001] {subprocess.py:74} INFO - Running command: ['bash', '-c', 'gunzip /opt/***/name.basics.tsv.gz']
[2022-03-15 18:08:31,026] {subprocess.py:85} INFO - Output:
[2022-03-15 18:08:47,830] {subprocess.py:93} INFO - Command exited with return code 0
[2022-03-15 18:08:48,030] {taskinstance.py:1277} INFO - Marking task as SUCCESS. dag_id=imdb_name_basics, task_id=unpacking_archive_data, execution_date=20220315T180759, start_date=20220315T180830, end_date=20220315T180848
[2022-03-15 18:08:48,218] {local_task_job.py:154} INFO - Task exited with return code 0
[2022-03-15 18:08:48,591] {local_task_job.py:264} INFO - 0 downstream tasks scheduled from follow-on schedule check
