[2022-03-15 16:25:07,877] {taskinstance.py:1032} INFO - Dependencies all met for <TaskInstance: imdb_name_basics.download_file_task scheduled__2022-03-14T00:00:00+00:00 [queued]>
[2022-03-15 16:25:07,971] {taskinstance.py:1032} INFO - Dependencies all met for <TaskInstance: imdb_name_basics.download_file_task scheduled__2022-03-14T00:00:00+00:00 [queued]>
[2022-03-15 16:25:07,975] {taskinstance.py:1238} INFO - 
--------------------------------------------------------------------------------
[2022-03-15 16:25:07,978] {taskinstance.py:1239} INFO - Starting attempt 2 of 3
[2022-03-15 16:25:07,980] {taskinstance.py:1240} INFO - 
--------------------------------------------------------------------------------
[2022-03-15 16:25:08,068] {taskinstance.py:1259} INFO - Executing <Task(BashOperator): download_file_task> on 2022-03-14 00:00:00+00:00
[2022-03-15 16:25:08,130] {standard_task_runner.py:52} INFO - Started process 192 to run task
[2022-03-15 16:25:08,163] {standard_task_runner.py:76} INFO - Running: ['***', 'tasks', 'run', 'imdb_name_basics', 'download_file_task', 'scheduled__2022-03-14T00:00:00+00:00', '--job-id', '364', '--raw', '--subdir', 'DAGS_FOLDER/name_basics_dag.py', '--cfg-path', '/tmp/tmp571bs4eb', '--error-file', '/tmp/tmpkblcom7z']
[2022-03-15 16:25:08,173] {standard_task_runner.py:77} INFO - Job 364: Subtask download_file_task
[2022-03-15 16:25:08,418] {logging_mixin.py:109} INFO - Running <TaskInstance: imdb_name_basics.download_file_task scheduled__2022-03-14T00:00:00+00:00 [running]> on host d8c9f2003356
[2022-03-15 16:25:08,954] {taskinstance.py:1426} INFO - Exporting the following env vars:
AIRFLOW_CTX_DAG_OWNER=***
AIRFLOW_CTX_DAG_ID=imdb_name_basics
AIRFLOW_CTX_TASK_ID=download_file_task
AIRFLOW_CTX_EXECUTION_DATE=2022-03-14T00:00:00+00:00
AIRFLOW_CTX_DAG_RUN_ID=scheduled__2022-03-14T00:00:00+00:00
[2022-03-15 16:25:08,966] {subprocess.py:62} INFO - Tmp dir root location: 
 /tmp
[2022-03-15 16:25:08,974] {subprocess.py:74} INFO - Running command: ['bash', '-c', 'curl -sS https://datasets.imdbws.com/name.basics.tsv.gz > /opt/***/name.basics.tsv.gz']
[2022-03-15 16:25:09,048] {subprocess.py:85} INFO - Output:
[2022-03-15 16:25:30,887] {subprocess.py:93} INFO - Command exited with return code 0
[2022-03-15 16:25:31,009] {taskinstance.py:1277} INFO - Marking task as SUCCESS. dag_id=imdb_name_basics, task_id=download_file_task, execution_date=20220314T000000, start_date=20220315T162507, end_date=20220315T162531
[2022-03-15 16:25:31,142] {local_task_job.py:154} INFO - Task exited with return code 0
[2022-03-15 16:25:31,316] {local_task_job.py:264} INFO - 1 downstream tasks scheduled from follow-on schedule check
