[2022-03-15 16:25:37,245] {taskinstance.py:1032} INFO - Dependencies all met for <TaskInstance: imdb_name_basics.unpacking_archive_data scheduled__2022-03-14T00:00:00+00:00 [queued]>
[2022-03-15 16:25:37,332] {taskinstance.py:1032} INFO - Dependencies all met for <TaskInstance: imdb_name_basics.unpacking_archive_data scheduled__2022-03-14T00:00:00+00:00 [queued]>
[2022-03-15 16:25:37,336] {taskinstance.py:1238} INFO - 
--------------------------------------------------------------------------------
[2022-03-15 16:25:37,339] {taskinstance.py:1239} INFO - Starting attempt 1 of 2
[2022-03-15 16:25:37,344] {taskinstance.py:1240} INFO - 
--------------------------------------------------------------------------------
[2022-03-15 16:25:37,426] {taskinstance.py:1259} INFO - Executing <Task(BashOperator): unpacking_archive_data> on 2022-03-14 00:00:00+00:00
[2022-03-15 16:25:37,464] {standard_task_runner.py:52} INFO - Started process 237 to run task
[2022-03-15 16:25:37,510] {standard_task_runner.py:76} INFO - Running: ['***', 'tasks', 'run', 'imdb_name_basics', 'unpacking_archive_data', 'scheduled__2022-03-14T00:00:00+00:00', '--job-id', '365', '--raw', '--subdir', 'DAGS_FOLDER/name_basics_dag.py', '--cfg-path', '/tmp/tmptewhs7hs', '--error-file', '/tmp/tmpsi48_e_4']
[2022-03-15 16:25:37,524] {standard_task_runner.py:77} INFO - Job 365: Subtask unpacking_archive_data
[2022-03-15 16:25:38,369] {logging_mixin.py:109} INFO - Running <TaskInstance: imdb_name_basics.unpacking_archive_data scheduled__2022-03-14T00:00:00+00:00 [running]> on host d8c9f2003356
[2022-03-15 16:25:38,757] {taskinstance.py:1426} INFO - Exporting the following env vars:
AIRFLOW_CTX_DAG_OWNER=***
AIRFLOW_CTX_DAG_ID=imdb_name_basics
AIRFLOW_CTX_TASK_ID=unpacking_archive_data
AIRFLOW_CTX_EXECUTION_DATE=2022-03-14T00:00:00+00:00
AIRFLOW_CTX_DAG_RUN_ID=scheduled__2022-03-14T00:00:00+00:00
[2022-03-15 16:25:38,776] {subprocess.py:62} INFO - Tmp dir root location: 
 /tmp
[2022-03-15 16:25:38,787] {subprocess.py:74} INFO - Running command: ['bash', '-c', 'gunzip /opt/***/name.basics.tsv.gz']
[2022-03-15 16:25:38,848] {subprocess.py:85} INFO - Output:
[2022-03-15 16:26:02,907] {subprocess.py:93} INFO - Command exited with return code 0
[2022-03-15 16:26:03,375] {taskinstance.py:1277} INFO - Marking task as SUCCESS. dag_id=imdb_name_basics, task_id=unpacking_archive_data, execution_date=20220314T000000, start_date=20220315T162537, end_date=20220315T162603
[2022-03-15 16:26:03,661] {local_task_job.py:154} INFO - Task exited with return code 0
[2022-03-15 16:26:04,519] {local_task_job.py:264} INFO - 0 downstream tasks scheduled from follow-on schedule check
